C:\Users\Kurt\Desktop\LEXAR BACKUP\Fireflies 1.0 Source\Debug\Fireflies.pdb
C:\USERS\KURT\DESKTOP\LEXAR BACKUP\FIREFLIES 1.0 SOURCE\SUBMERSIBLE\DEBUG\2DBOUNDINGBOX.OBJ
C:\USERS\KURT\DESKTOP\LEXAR BACKUP\FIREFLIES 1.0 SOURCE\SUBMERSIBLE\DEBUG\ANIMATEDSPRITE.OBJ
C:\USERS\KURT\DESKTOP\LEXAR BACKUP\FIREFLIES 1.0 SOURCE\SUBMERSIBLE\DEBUG\BUTTON.OBJ
C:\USERS\KURT\DESKTOP\LEXAR BACKUP\FIREFLIES 1.0 SOURCE\SUBMERSIBLE\DEBUG\CHOICECHECKER.OBJ
C:\Users\Kurt\Desktop\LEXAR BACKUP\Fireflies 1.0 Source\Submersible\Debug\cl.command.1.tlog
C:\Users\Kurt\Desktop\LEXAR BACKUP\Fireflies 1.0 Source\Submersible\Debug\CL.read.1.tlog
C:\Users\Kurt\Desktop\LEXAR BACKUP\Fireflies 1.0 Source\Submersible\Debug\CL.write.1.tlog
C:\USERS\KURT\DESKTOP\LEXAR BACKUP\FIREFLIES 1.0 SOURCE\SUBMERSIBLE\DEBUG\CLOCK.OBJ
C:\USERS\KURT\DESKTOP\LEXAR BACKUP\FIREFLIES 1.0 SOURCE\SUBMERSIBLE\DEBUG\CURSOR.OBJ
C:\USERS\KURT\DESKTOP\LEXAR BACKUP\FIREFLIES 1.0 SOURCE\SUBMERSIBLE\DEBUG\D3DRENDERER.OBJ
C:\USERS\KURT\DESKTOP\LEXAR BACKUP\FIREFLIES 1.0 SOURCE\SUBMERSIBLE\DEBUG\DIALOGBOX.OBJ
C:\USERS\KURT\DESKTOP\LEXAR BACKUP\FIREFLIES 1.0 SOURCE\SUBMERSIBLE\DEBUG\DINPUTKEYBOARD.OBJ
C:\USERS\KURT\DESKTOP\LEXAR BACKUP\FIREFLIES 1.0 SOURCE\SUBMERSIBLE\DEBUG\DINPUTMOUSE.OBJ
C:\USERS\KURT\DESKTOP\LEXAR BACKUP\FIREFLIES 1.0 SOURCE\SUBMERSIBLE\DEBUG\EDITOR.OBJ
C:\USERS\KURT\DESKTOP\LEXAR BACKUP\FIREFLIES 1.0 SOURCE\SUBMERSIBLE\DEBUG\EXINPUT.OBJ
C:\USERS\KURT\DESKTOP\LEXAR BACKUP\FIREFLIES 1.0 SOURCE\SUBMERSIBLE\DEBUG\EXPLOSION.OBJ
C:\USERS\KURT\DESKTOP\LEXAR BACKUP\FIREFLIES 1.0 SOURCE\SUBMERSIBLE\DEBUG\EXPLOSIONMANAGER.OBJ
C:\Users\Kurt\Desktop\LEXAR BACKUP\Fireflies 1.0 Source\Submersible\Debug\Fireflies.exe.embed.manifest
C:\USERS\KURT\DESKTOP\LEXAR BACKUP\FIREFLIES 1.0 SOURCE\SUBMERSIBLE\DEBUG\FIREFLIES.EXE.EMBED.MANIFEST.RES
C:\Users\Kurt\Desktop\LEXAR BACKUP\Fireflies 1.0 Source\Submersible\Debug\Fireflies.exe.intermediate.manifest
C:\Users\Kurt\Desktop\LEXAR BACKUP\Fireflies 1.0 Source\Submersible\Debug\Fireflies.write.1.tlog
C:\Users\Kurt\Desktop\LEXAR BACKUP\Fireflies 1.0 Source\Submersible\Debug\Fireflies_manifest.rc
C:\USERS\KURT\DESKTOP\LEXAR BACKUP\FIREFLIES 1.0 SOURCE\SUBMERSIBLE\DEBUG\GAME.OBJ
C:\USERS\KURT\DESKTOP\LEXAR BACKUP\FIREFLIES 1.0 SOURCE\SUBMERSIBLE\DEBUG\GAMEENTITY.OBJ
C:\USERS\KURT\DESKTOP\LEXAR BACKUP\FIREFLIES 1.0 SOURCE\SUBMERSIBLE\DEBUG\IGCAMERA.OBJ
C:\USERS\KURT\DESKTOP\LEXAR BACKUP\FIREFLIES 1.0 SOURCE\SUBMERSIBLE\DEBUG\IGVIEWPORT.OBJ
C:\USERS\KURT\DESKTOP\LEXAR BACKUP\FIREFLIES 1.0 SOURCE\SUBMERSIBLE\DEBUG\INIPARSER.OBJ
C:\USERS\KURT\DESKTOP\LEXAR BACKUP\FIREFLIES 1.0 SOURCE\SUBMERSIBLE\DEBUG\LANTERN.OBJ
C:\USERS\KURT\DESKTOP\LEXAR BACKUP\FIREFLIES 1.0 SOURCE\SUBMERSIBLE\DEBUG\LANTERNMANAGER.OBJ
C:\USERS\KURT\DESKTOP\LEXAR BACKUP\FIREFLIES 1.0 SOURCE\SUBMERSIBLE\DEBUG\LEVELPREVIEWER.OBJ
C:\Users\Kurt\Desktop\LEXAR BACKUP\Fireflies 1.0 Source\Submersible\Debug\link.command.1.tlog
C:\Users\Kurt\Desktop\LEXAR BACKUP\Fireflies 1.0 Source\Submersible\Debug\link.read.1.tlog
C:\Users\Kurt\Desktop\LEXAR BACKUP\Fireflies 1.0 Source\Submersible\Debug\link.write.1.tlog
C:\Users\Kurt\Desktop\LEXAR BACKUP\Fireflies 1.0 Source\Submersible\Debug\link-cvtres.read.1.tlog
C:\Users\Kurt\Desktop\LEXAR BACKUP\Fireflies 1.0 Source\Submersible\Debug\link-cvtres.write.1.tlog
C:\USERS\KURT\DESKTOP\LEXAR BACKUP\FIREFLIES 1.0 SOURCE\SUBMERSIBLE\DEBUG\MAIN.OBJ
C:\USERS\KURT\DESKTOP\LEXAR BACKUP\FIREFLIES 1.0 SOURCE\SUBMERSIBLE\DEBUG\MENU.OBJ
C:\USERS\KURT\DESKTOP\LEXAR BACKUP\FIREFLIES 1.0 SOURCE\SUBMERSIBLE\DEBUG\MENUITEM.OBJ
C:\USERS\KURT\DESKTOP\LEXAR BACKUP\FIREFLIES 1.0 SOURCE\SUBMERSIBLE\DEBUG\NAMEFORM.OBJ
C:\USERS\KURT\DESKTOP\LEXAR BACKUP\FIREFLIES 1.0 SOURCE\SUBMERSIBLE\DEBUG\NODELINK.OBJ
C:\USERS\KURT\DESKTOP\LEXAR BACKUP\FIREFLIES 1.0 SOURCE\SUBMERSIBLE\DEBUG\NODELINKMANAGER.OBJ
C:\USERS\KURT\DESKTOP\LEXAR BACKUP\FIREFLIES 1.0 SOURCE\SUBMERSIBLE\DEBUG\PLAYER.OBJ
C:\USERS\KURT\DESKTOP\LEXAR BACKUP\FIREFLIES 1.0 SOURCE\SUBMERSIBLE\DEBUG\PLAYERMANAGER.OBJ
C:\Users\Kurt\Desktop\LEXAR BACKUP\Fireflies 1.0 Source\Submersible\Debug\rc.command.1.tlog
C:\Users\Kurt\Desktop\LEXAR BACKUP\Fireflies 1.0 Source\Submersible\Debug\rc.read.1.tlog
C:\Users\Kurt\Desktop\LEXAR BACKUP\Fireflies 1.0 Source\Submersible\Debug\rc.write.1.tlog
C:\USERS\KURT\DESKTOP\LEXAR BACKUP\FIREFLIES 1.0 SOURCE\SUBMERSIBLE\DEBUG\SESSION.OBJ
C:\USERS\KURT\DESKTOP\LEXAR BACKUP\FIREFLIES 1.0 SOURCE\SUBMERSIBLE\DEBUG\SOUNDMANAGER.OBJ
C:\USERS\KURT\DESKTOP\LEXAR BACKUP\FIREFLIES 1.0 SOURCE\SUBMERSIBLE\DEBUG\SPATIALMANAGER.OBJ
C:\USERS\KURT\DESKTOP\LEXAR BACKUP\FIREFLIES 1.0 SOURCE\SUBMERSIBLE\DEBUG\SPATIALNODE.OBJ
C:\USERS\KURT\DESKTOP\LEXAR BACKUP\FIREFLIES 1.0 SOURCE\SUBMERSIBLE\DEBUG\SPRITE.OBJ
C:\USERS\KURT\DESKTOP\LEXAR BACKUP\FIREFLIES 1.0 SOURCE\SUBMERSIBLE\DEBUG\SPRITEDATASHELL.OBJ
C:\USERS\KURT\DESKTOP\LEXAR BACKUP\FIREFLIES 1.0 SOURCE\SUBMERSIBLE\DEBUG\SPRITEGDI.OBJ
C:\USERS\KURT\DESKTOP\LEXAR BACKUP\FIREFLIES 1.0 SOURCE\SUBMERSIBLE\DEBUG\SPRITEMANAGER.OBJ
C:\USERS\KURT\DESKTOP\LEXAR BACKUP\FIREFLIES 1.0 SOURCE\SUBMERSIBLE\DEBUG\SUBMERSIBLE1.RES
C:\USERS\KURT\DESKTOP\LEXAR BACKUP\FIREFLIES 1.0 SOURCE\SUBMERSIBLE\DEBUG\TEXTBOX.OBJ
C:\USERS\KURT\DESKTOP\LEXAR BACKUP\FIREFLIES 1.0 SOURCE\SUBMERSIBLE\DEBUG\TEXTMANAGER.OBJ
C:\USERS\KURT\DESKTOP\LEXAR BACKUP\FIREFLIES 1.0 SOURCE\SUBMERSIBLE\DEBUG\TIPBOX.OBJ
C:\USERS\KURT\DESKTOP\LEXAR BACKUP\FIREFLIES 1.0 SOURCE\SUBMERSIBLE\DEBUG\TUTORIAL.OBJ
C:\USERS\KURT\DESKTOP\LEXAR BACKUP\FIREFLIES 1.0 SOURCE\SUBMERSIBLE\DEBUG\UNIT.OBJ
C:\USERS\KURT\DESKTOP\LEXAR BACKUP\FIREFLIES 1.0 SOURCE\SUBMERSIBLE\DEBUG\UNITMANAGER.OBJ
C:\Users\Kurt\Desktop\LEXAR BACKUP\Fireflies 1.0 Source\Submersible\Debug\vc100.idb
C:\USERS\KURT\DESKTOP\LEXAR BACKUP\FIREFLIES 1.0 SOURCE\SUBMERSIBLE\DEBUG\VC100.PDB
C:\USERS\KURT\DESKTOP\LEXAR BACKUP\FIREFLIES 1.0 SOURCE\SUBMERSIBLE\DEBUG\VERTEX.OBJ
