Build started 4/30/2025 11:37:13 AM.
     1>Project "C:\Users\Kurt\Documents\Fireflies 1.0 Source\Submersible\Submersible.vcxproj" on node 2 (build target(s)).
     1>InitializeBuildStatus:
         Creating "Debug\Fireflies.unsuccessfulbuild" because "AlwaysCreate" was specified.
       ClCompile:
         C:\Program Files (x86)\Microsoft Visual Studio 10.0\VC\bin\CL.exe /c /I..\FMOD /I..\..\ /I"C:\Program Files (x86)\Visual Leak Detector\include" /ZI /nologo /W3 /WX- /Od /Oy- /D WIN32 /D _DEBUG /D _WINDOWS /D _UNICODE /D UNICODE /Gm /EHsc /RTC1 /MDd /GS /fp:precise /Zc:wchar_t /Zc:forScope /Fo"Debug\\" /Fd"Debug\vc100.pdb" /Gd /TP /analyze- /errorReport:prompt 2DBoundingBox.cpp AnimatedSprite.cpp Button.cpp ChoiceChecker.cpp LevelPreviewer.cpp MenuItem.cpp Clock.cpp Cursor.cpp D3DRenderer.cpp DialogBox.cpp DInputKeyboard.cpp DInputMouse.cpp Editor.cpp eXInput.cpp Explosion.cpp ExplosionManager.cpp Game.cpp GameEntity.cpp IGCamera.cpp IGViewport.cpp INIParser.cpp Lantern.cpp LanternManager.cpp main.cpp Menu.cpp NameForm.cpp NodeLink.cpp NodeLinkManager.cpp Player.cpp PlayerManager.cpp Session.cpp SoundManager.cpp SpatialManager.cpp SpatialNode.cpp Sprite.cpp SpriteDataShell.cpp SpriteGDI.cpp SpriteManager.cpp TextBox.cpp TextManager.cpp TipBox.cpp Tutorial.cpp Unit.cpp UnitManager.cpp Vertex.cpp
         Vertex.cpp
         UnitManager.cpp
         Unit.cpp
         Tutorial.cpp
         TipBox.cpp
         TextManager.cpp
         TextBox.cpp
         SpriteManager.cpp
         SpriteGDI.cpp
         SpriteDataShell.cpp
         Sprite.cpp
         SpatialNode.cpp
         SpatialManager.cpp
         SoundManager.cpp
         Session.cpp
         PlayerManager.cpp
         Player.cpp
         NodeLinkManager.cpp
         NodeLink.cpp
         NameForm.cpp
         Generating Code...
         Compiling...
         Menu.cpp
         main.cpp
         LanternManager.cpp
         Lantern.cpp
         INIParser.cpp
         IGViewport.cpp
         IGCamera.cpp
         GameEntity.cpp
         Game.cpp
         ExplosionManager.cpp
         Explosion.cpp
         eXInput.cpp
         Editor.cpp
         DInputMouse.cpp
         DInputKeyboard.cpp
         DialogBox.cpp
         D3DRenderer.cpp
         Cursor.cpp
         Clock.cpp
         MenuItem.cpp
         Generating Code...
         Compiling...
         LevelPreviewer.cpp
         ChoiceChecker.cpp
         Button.cpp
         AnimatedSprite.cpp
         2DBoundingBox.cpp
         Generating Code...
       ResourceCompile:
         c:\Program Files (x86)\Microsoft SDKs\Windows\v7.0A\bin\rc.exe /D _UNICODE /D UNICODE /l"0x0409" /nologo /fo"Debug\Submersible1.res" Submersible1.rc 
       ManifestResourceCompile:
         c:\Program Files (x86)\Microsoft SDKs\Windows\v7.0A\bin\rc.exe /nologo /fo"Debug\Fireflies.exe.embed.manifest.res" Debug\Fireflies_manifest.rc 
       Link:
         C:\Program Files (x86)\Microsoft Visual Studio 10.0\VC\bin\link.exe /ERRORREPORT:PROMPT /OUT:"C:\Users\Kurt\Documents\Fireflies 1.0 Source\Debug\Fireflies.exe" /INCREMENTAL /NOLOGO /LIBPATH:"C:\Program Files (x86)\Visual Leak Detector\lib\Win32" winmm.lib d3d9.lib d3dx9.lib dinput8.lib DXGuid.lib XInput.lib ..\FMOD\fmodex_vc.lib kernel32.lib user32.lib gdi32.lib winspool.lib comdlg32.lib advapi32.lib shell32.lib ole32.lib oleaut32.lib uuid.lib odbc32.lib odbccp32.lib /MANIFEST /ManifestFile:"Debug\Fireflies.exe.intermediate.manifest" /MANIFESTUAC:"level='asInvoker' uiAccess='false'" /DEBUG /PDB:"C:\Users\Kurt\Documents\Fireflies 1.0 Source\Debug\Fireflies.pdb" /SUBSYSTEM:WINDOWS /TLBID:1 /DYNAMICBASE:NO /IMPLIB:"C:\Users\Kurt\Documents\Fireflies 1.0 Source\Debug\Fireflies.lib" /MACHINE:X86 Debug\Submersible1.res
         Debug\Fireflies.exe.embed.manifest.res
         Debug\2DBoundingBox.obj
         Debug\AnimatedSprite.obj
         Debug\Button.obj
         Debug\ChoiceChecker.obj
         Debug\LevelPreviewer.obj
         Debug\MenuItem.obj
         Debug\Clock.obj
         Debug\Cursor.obj
         Debug\D3DRenderer.obj
         Debug\DialogBox.obj
         Debug\DInputKeyboard.obj
         Debug\DInputMouse.obj
         Debug\Editor.obj
         Debug\eXInput.obj
         Debug\Explosion.obj
         Debug\ExplosionManager.obj
         Debug\Game.obj
         Debug\GameEntity.obj
         Debug\IGCamera.obj
         Debug\IGViewport.obj
         Debug\INIParser.obj
         Debug\Lantern.obj
         Debug\LanternManager.obj
         Debug\main.obj
         Debug\Menu.obj
         Debug\NameForm.obj
         Debug\NodeLink.obj
         Debug\NodeLinkManager.obj
         Debug\Player.obj
         Debug\PlayerManager.obj
         Debug\Session.obj
         Debug\SoundManager.obj
         Debug\SpatialManager.obj
         Debug\SpatialNode.obj
         Debug\Sprite.obj
         Debug\SpriteDataShell.obj
         Debug\SpriteGDI.obj
         Debug\SpriteManager.obj
         Debug\TextBox.obj
         Debug\TextManager.obj
         Debug\TipBox.obj
         Debug\Tutorial.obj
         Debug\Unit.obj
         Debug\UnitManager.obj
         Debug\Vertex.obj
       Manifest:
         c:\Program Files (x86)\Microsoft SDKs\Windows\v7.0A\bin\mt.exe /nologo /verbose /out:"Debug\Fireflies.exe.embed.manifest" /manifest Debug\Fireflies.exe.intermediate.manifest
         All outputs are up-to-date.
       LinkEmbedManifest:
         All outputs are up-to-date.
         Submersible.vcxproj -> C:\Users\Kurt\Documents\Fireflies 1.0 Source\Debug\Fireflies.exe
       FinalizeBuildStatus:
         Deleting file "Debug\Fireflies.unsuccessfulbuild".
         Touching "Debug\Fireflies.lastbuildstate".
     1>Done Building Project "C:\Users\Kurt\Documents\Fireflies 1.0 Source\Submersible\Submersible.vcxproj" (build target(s)).

Build succeeded.

Time Elapsed 00:00:28.12
